The system is: Windows - 10.0.17763 - AMD64
Compiling the C compiler identification source file "CMakeCCompilerId.c" succeeded.
Compiler: C:/Program Files (x86)/Microsoft Visual Studio/2019/Community/VC/Tools/MSVC/14.23.28105/bin/HostX64/x64/cl.exe 
Build flags: 
Id flags:  

The output was:
0
用于 x64 的 Microsoft (R) C/C++ 优化编译器 19.23.28105.4 版
版权所有(C) Microsoft Corporation。保留所有权利。

CMakeCCompilerId.c
Microsoft (R) Incremental Linker Version 14.23.28105.4
Copyright (C) Microsoft Corporation.  All rights reserved.

/out:CMakeCCompilerId.exe 
CMakeCCompilerId.obj 


Compilation of the C compiler identification source "CMakeCCompilerId.c" produced "CMakeCCompilerId.exe"

Compilation of the C compiler identification source "CMakeCCompilerId.c" produced "CMakeCCompilerId.obj"

The C compiler identification is MSVC, found in "C:/Users/zhang/Documents/My documents/MeshExample/ShapeLabEmpty/ShapeLabEmpty/eigen3/out/build/x64-Debug/CMakeFiles/3.15.19080502-MSVC_2/CompilerIdC/CMakeCCompilerId.exe"

Compiling the CXX compiler identification source file "CMakeCXXCompilerId.cpp" succeeded.
Compiler: C:/Program Files (x86)/Microsoft Visual Studio/2019/Community/VC/Tools/MSVC/14.23.28105/bin/HostX64/x64/cl.exe 
Build flags: 
Id flags:  

The output was:
0
用于 x64 的 Microsoft (R) C/C++ 优化编译器 19.23.28105.4 版
版权所有(C) Microsoft Corporation。保留所有权利。

CMakeCXXCompilerId.cpp
Microsoft (R) Incremental Linker Version 14.23.28105.4
Copyright (C) Microsoft Corporation.  All rights reserved.

/out:CMakeCXXCompilerId.exe 
CMakeCXXCompilerId.obj 


Compilation of the CXX compiler identification source "CMakeCXXCompilerId.cpp" produced "CMakeCXXCompilerId.exe"

Compilation of the CXX compiler identification source "CMakeCXXCompilerId.cpp" produced "CMakeCXXCompilerId.obj"

The CXX compiler identification is MSVC, found in "C:/Users/zhang/Documents/My documents/MeshExample/ShapeLabEmpty/ShapeLabEmpty/eigen3/out/build/x64-Debug/CMakeFiles/3.15.19080502-MSVC_2/CompilerIdCXX/CMakeCXXCompilerId.exe"

Determining if the C compiler works passed with the following output:
Change Dir: C:/Users/zhang/Documents/My documents/MeshExample/ShapeLabEmpty/ShapeLabEmpty/eigen3/out/build/x64-Debug/CMakeFiles/CMakeTmp

Run Build Command(s):C:/Program Files (x86)/Microsoft Visual Studio/2019/Community/Common7/IDE/CommonExtensions/Microsoft/CMake/Ninja/ninja.exe cmTC_4cffb && [1/2] Building C object CMakeFiles\cmTC_4cffb.dir\testCCompiler.c.obj
[2/2] Linking C executable cmTC_4cffb.exe



Detecting C compiler ABI info compiled with the following output:
Change Dir: C:/Users/zhang/Documents/My documents/MeshExample/ShapeLabEmpty/ShapeLabEmpty/eigen3/out/build/x64-Debug/CMakeFiles/CMakeTmp

Run Build Command(s):C:/Program Files (x86)/Microsoft Visual Studio/2019/Community/Common7/IDE/CommonExtensions/Microsoft/CMake/Ninja/ninja.exe cmTC_a9422 && [1/2] Building C object CMakeFiles\cmTC_a9422.dir\CMakeCCompilerABI.c.obj
[2/2] Linking C executable cmTC_a9422.exe



Determining if the CXX compiler works passed with the following output:
Change Dir: C:/Users/zhang/Documents/My documents/MeshExample/ShapeLabEmpty/ShapeLabEmpty/eigen3/out/build/x64-Debug/CMakeFiles/CMakeTmp

Run Build Command(s):C:/Program Files (x86)/Microsoft Visual Studio/2019/Community/Common7/IDE/CommonExtensions/Microsoft/CMake/Ninja/ninja.exe cmTC_0d3f5 && [1/2] Building CXX object CMakeFiles\cmTC_0d3f5.dir\testCXXCompiler.cxx.obj
[2/2] Linking CXX executable cmTC_0d3f5.exe



Detecting CXX compiler ABI info compiled with the following output:
Change Dir: C:/Users/zhang/Documents/My documents/MeshExample/ShapeLabEmpty/ShapeLabEmpty/eigen3/out/build/x64-Debug/CMakeFiles/CMakeTmp

Run Build Command(s):C:/Program Files (x86)/Microsoft Visual Studio/2019/Community/Common7/IDE/CommonExtensions/Microsoft/CMake/Ninja/ninja.exe cmTC_0ed3e && [1/2] Building CXX object CMakeFiles\cmTC_0ed3e.dir\CMakeCXXCompilerABI.cpp.obj
[2/2] Linking CXX executable cmTC_0ed3e.exe



Performing C++ SOURCE FILE Test standard_math_library_linked_to_automatically succeeded with the following output:
Change Dir: C:/Users/zhang/Documents/My documents/MeshExample/ShapeLabEmpty/ShapeLabEmpty/eigen3/out/build/x64-Debug/CMakeFiles/CMakeTmp

Run Build Command(s):C:/Program Files (x86)/Microsoft Visual Studio/2019/Community/Common7/IDE/CommonExtensions/Microsoft/CMake/Ninja/ninja.exe cmTC_e08b3 && [1/2] Building CXX object CMakeFiles\cmTC_e08b3.dir\src.cxx.obj
[2/2] Linking CXX executable cmTC_e08b3.exe


Source file was:
#include<cmath>
int main() { std::sin(0.0); std::log(0.0f); }
Performing C++ SOURCE FILE Test COMPILER_SUPPORT_OPENMP succeeded with the following output:
Change Dir: C:/Users/zhang/Documents/My documents/MeshExample/ShapeLabEmpty/ShapeLabEmpty/eigen3/out/build/x64-Debug/CMakeFiles/CMakeTmp

Run Build Command(s):C:/Program Files (x86)/Microsoft Visual Studio/2019/Community/Common7/IDE/CommonExtensions/Microsoft/CMake/Ninja/ninja.exe cmTC_6e333 && [1/2] Building CXX object CMakeFiles\cmTC_6e333.dir\src.cxx.obj
[2/2] Linking CXX executable cmTC_6e333.exe


Source file was:
int main() { return 0; }
Performing C++ SOURCE FILE Test COMPILER_SUPPORT_FPFAST succeeded with the following output:
Change Dir: C:/Users/zhang/Documents/My documents/MeshExample/ShapeLabEmpty/ShapeLabEmpty/eigen3/out/build/x64-Debug/CMakeFiles/CMakeTmp

Run Build Command(s):C:/Program Files (x86)/Microsoft Visual Studio/2019/Community/Common7/IDE/CommonExtensions/Microsoft/CMake/Ninja/ninja.exe cmTC_bd24b && [1/2] Building CXX object CMakeFiles\cmTC_bd24b.dir\src.cxx.obj
[2/2] Linking CXX executable cmTC_bd24b.exe


Source file was:
int main() { return 0; }
